<?xml version="1.0" encoding="UTF-8"?>
<!-- Generated by org.testng.reporters.JUnitReportReporter -->
<testsuite hostname="QATest-1721815" failures="0" tests="3" name="com.maresk.testcases.TC001" time="1.027" errors="0" timestamp="2020-11-11T16:56:33 IST" skipped="0">
  <testcase classname="com.maresk.testcases.TC001" name="ValidateStatus" time="0.011"/>
  <system-out/>
  <testcase classname="com.maresk.testcases.TC001" name="ValidateResponce" time="0.048"/>
  <system-out/>
  <testcase classname="com.maresk.testcases.TC001" name="Validateschema" time="0.968"/>
  <system-out/>
</testsuite> <!-- com.maresk.testcases.TC001 -->
